<?xml version="1.0" encoding="UTF-8"?>
<!-- Generated by org.testng.reporters.JUnitReportReporter -->
<testsuite hostname="KTPLHWR0029" failures="0" tests="1" name="com.testcases.TC_06_DataSourcesDB" time="207.191" errors="0" timestamp="2023-12-26T15:02:13 IST" skipped="0">
  <testcase classname="com.testcases.TC_06_DataSourcesDB" name="Snowflakepage" time="207.191"/>
</testsuite> <!-- com.testcases.TC_06_DataSourcesDB -->
