<?xml version="1.0" encoding="UTF-8"?>
<!-- Generated by org.testng.reporters.JUnitReportReporter -->
<testsuite hostname="KTPLHWR0029" failures="0" tests="1" name="com.testcases.CSV.TC_01_Rulecollection_CSV" time="250.224" errors="0" timestamp="2024-01-10T15:56:12 IST" skipped="0">
  <testcase classname="com.testcases.CSV.TC_01_Rulecollection_CSV" name="RulecollectionpageCsv" time="250.224"/>
</testsuite> <!-- com.testcases.CSV.TC_01_Rulecollection_CSV -->
