<?xml version="1.0" encoding="UTF-8"?>
<!-- Generated by org.testng.reporters.JUnitReportReporter -->
<testsuite hostname="KTPLHWR0029" failures="0" tests="1" name="com.testcases.TC_01_VisualTest" time="219.801" errors="0" timestamp="2023-12-27T18:03:42 IST" skipped="0">
  <testcase classname="com.testcases.TC_01_VisualTest" name="visualTest" time="219.801"/>
</testsuite> <!-- com.testcases.TC_01_VisualTest -->
