<?xml version="1.0" encoding="UTF-8"?>
<!-- Generated by org.testng.reporters.JUnitReportReporter -->
<testsuite hostname="KTPLHWR0029" failures="0" tests="1" name="com.testcases.newclass11" time="4.800" errors="0" timestamp="2024-01-11T15:24:14 IST" skipped="0">
  <testcase classname="com.testcases.newclass11" name="testingnameofheSources" time="4.800"/>
</testsuite> <!-- com.testcases.newclass11 -->
