<?xml version="1.0" encoding="UTF-8"?>
<!-- Generated by org.testng.reporters.JUnitReportReporter -->
<testsuite hostname="KTPLHWR0029" failures="0" tests="1" name="com.testcases.TC_07_RuleCollection" time="217.958" errors="0" timestamp="2023-12-28T22:54:40 IST" skipped="0">
  <testcase classname="com.testcases.TC_07_RuleCollection" name="Rulecollectionpage" time="217.958"/>
</testsuite> <!-- com.testcases.TC_07_RuleCollection -->
