<?xml version="1.0" encoding="UTF-8"?>
<!-- Generated by org.testng.reporters.JUnitReportReporter -->
<testsuite hostname="KTPLHWR0029" failures="0" tests="1" name="com.testcases.TC_03_DQGUsers" time="147.234" errors="0" timestamp="2024-01-03T18:45:21 IST" skipped="0">
  <testcase classname="com.testcases.TC_03_DQGUsers" name="DQGatewayUsers" time="147.234"/>
</testsuite> <!-- com.testcases.TC_03_DQGUsers -->
