<?xml version="1.0" encoding="UTF-8"?>
<!-- Generated by org.testng.reporters.JUnitReportReporter -->
<testsuite hostname="KTPLHWR0029" failures="0" tests="1" name="com.testcases.TC_02_ScheduleTest" time="199.293" errors="0" timestamp="2024-01-03T14:55:10 IST" skipped="0">
  <testcase classname="com.testcases.TC_02_ScheduleTest" name="scheduleTest" time="199.293"/>
</testsuite> <!-- com.testcases.TC_02_ScheduleTest -->
