<?xml version="1.0" encoding="UTF-8"?>
<!-- Generated by org.testng.reporters.JUnitReportReporter -->
<testsuite hostname="KTPLHWR0029" failures="0" tests="1" name="com.testcases.TC_08_DataProfiling" time="280.894" errors="0" timestamp="2023-12-27T19:37:55 IST" skipped="0">
  <testcase classname="com.testcases.TC_08_DataProfiling" name="Rulecollectionpage" time="280.894"/>
</testsuite> <!-- com.testcases.TC_08_DataProfiling -->
